<?xml version="1.0" encoding="UTF-8"?>
<!-- Generated by org.testng.reporters.JUnitReportReporter -->
<testsuite hostname="SHLOK" failures="0" tests="2" name="tests.HomePageTest" time="12.266" errors="0" timestamp="2024-07-19T14:09:34 IST" skipped="0">
  <testcase classname="tests.HomePageTest" name="testversion" time="6.061"/>
  <testcase classname="tests.HomePageTest" name="testLogo" time="6.205"/>
</testsuite> <!-- tests.HomePageTest -->
