<?xml version="1.0" encoding="UTF-8"?>
<!-- Generated by org.testng.reporters.JUnitReportReporter -->
<testsuite hostname="SHLOK" failures="0" tests="1" name="tests.LoginPageFeatureTest" time="15.323" errors="0" timestamp="2024-07-19T14:09:34 IST" skipped="0">
  <testcase classname="tests.LoginPageFeatureTest" name="LoginTest" time="15.323"/>
</testsuite> <!-- tests.LoginPageFeatureTest -->
